d:\users\rlaqh\documents\visual studio 2013\projects\rhythm_game\rhythm_game\x64\debug\vc120.pdb
d:\users\rlaqh\documents\visual studio 2013\projects\rhythm_game\rhythm_game\x64\debug\qrc_rhythm_game.obj
d:\users\rlaqh\documents\visual studio 2013\projects\rhythm_game\rhythm_game\x64\debug\rhythm_game.obj
d:\users\rlaqh\documents\visual studio 2013\projects\rhythm_game\rhythm_game\x64\debug\main.obj
d:\users\rlaqh\documents\visual studio 2013\projects\rhythm_game\rhythm_game\x64\debug\moc_rhythm_game.obj
d:\users\rlaqh\documents\visual studio 2013\projects\rhythm_game\rhythm_game\generatedfiles\qrc_rhythm_game.cpp
d:\users\rlaqh\documents\visual studio 2013\projects\rhythm_game\rhythm_game\generatedfiles\debug\moc_rhythm_game.cpp
d:\users\rlaqh\documents\visual studio 2013\projects\rhythm_game\rhythm_game\generatedfiles\ui_rhythm_game.h
d:\users\rlaqh\documents\visual studio 2013\projects\rhythm_game\x64\debug\rhythm_game.ilk
d:\users\rlaqh\documents\visual studio 2013\projects\rhythm_game\x64\debug\rhythm_game.exe
d:\users\rlaqh\documents\visual studio 2013\projects\rhythm_game\x64\debug\rhythm_game.pdb
d:\users\rlaqh\documents\visual studio 2013\projects\rhythm_game\rhythm_game\x64\debug\rhythm_game.tlog\cl.command.1.tlog
d:\users\rlaqh\documents\visual studio 2013\projects\rhythm_game\rhythm_game\x64\debug\rhythm_game.tlog\cl.read.1.tlog
d:\users\rlaqh\documents\visual studio 2013\projects\rhythm_game\rhythm_game\x64\debug\rhythm_game.tlog\cl.write.1.tlog
d:\users\rlaqh\documents\visual studio 2013\projects\rhythm_game\rhythm_game\x64\debug\rhythm_game.tlog\custombuild.command.1.tlog
d:\users\rlaqh\documents\visual studio 2013\projects\rhythm_game\rhythm_game\x64\debug\rhythm_game.tlog\custombuild.read.1.tlog
d:\users\rlaqh\documents\visual studio 2013\projects\rhythm_game\rhythm_game\x64\debug\rhythm_game.tlog\custombuild.write.1.tlog
d:\users\rlaqh\documents\visual studio 2013\projects\rhythm_game\rhythm_game\x64\debug\rhythm_game.tlog\link.command.1.tlog
d:\users\rlaqh\documents\visual studio 2013\projects\rhythm_game\rhythm_game\x64\debug\rhythm_game.tlog\link.read.1.tlog
d:\users\rlaqh\documents\visual studio 2013\projects\rhythm_game\rhythm_game\x64\debug\rhythm_game.tlog\link.write.1.tlog
